{
  "RSpec": {
    "coverage": {
      "/Users/trevorrobinson/turing/mod3/projects/project_3/ROR-Backend/config/environment.rb": {
        "lines": [
          null,
          null,
          null,
          1,
          null,
          null,
          1
        ]
      },
      "/Users/trevorrobinson/turing/mod3/projects/project_3/ROR-Backend/config/application.rb": {
        "lines": [
          null,
          null,
          1,
          null,
          1,
          null,
          1,
          1,
          1,
          1,
          1,
          1,
          1,
          1,
          null,
          null,
          null,
          null,
          null,
          1,
          null,
          1,
          1,
          null,
          1,
          null,
          null,
          null,
          null,
          null,
          null,
          null,
          null,
          null,
          1,
          null,
          null
        ]
      },
      "/Users/trevorrobinson/turing/mod3/projects/project_3/ROR-Backend/config/boot.rb": {
        "lines": [
          null,
          null,
          1,
          null,
          1,
          1
        ]
      },
      "/Users/trevorrobinson/turing/mod3/projects/project_3/ROR-Backend/config/environments/test.rb": {
        "lines": [
          null,
          null,
          1,
          null,
          null,
          null,
          null,
          null,
          null,
          1,
          null,
          null,
          null,
          null,
          1,
          null,
          null,
          1,
          1,
          null,
          null,
          null,
          null,
          1,
          1,
          null,
          null,
          1,
          null,
          null,
          1,
          null,
          null,
          1,
          null,
          1,
          null,
          null,
          null,
          null,
          1,
          null,
          null,
          1,
          null,
          null,
          null,
          null
        ]
      },
      "/Users/trevorrobinson/turing/mod3/projects/project_3/ROR-Backend/config/initializers/application_controller_renderer.rb": {
        "lines": [
          null,
          null,
          null,
          null,
          null,
          null,
          null,
          null,
          null
        ]
      },
      "/Users/trevorrobinson/turing/mod3/projects/project_3/ROR-Backend/config/initializers/backtrace_silencers.rb": {
        "lines": [
          null,
          null,
          null,
          null,
          null,
          null,
          null,
          null
        ]
      },
      "/Users/trevorrobinson/turing/mod3/projects/project_3/ROR-Backend/config/initializers/cors.rb": {
        "lines": [
          null,
          null,
          null,
          null,
          null,
          null,
          null,
          null,
          null,
          null,
          null,
          null,
          null,
          null,
          null,
          null,
          null
        ]
      },
      "/Users/trevorrobinson/turing/mod3/projects/project_3/ROR-Backend/config/initializers/filter_parameter_logging.rb": {
        "lines": [
          null,
          null,
          null,
          null,
          null,
          1
        ]
      },
      "/Users/trevorrobinson/turing/mod3/projects/project_3/ROR-Backend/config/initializers/inflections.rb": {
        "lines": [
          null,
          null,
          null,
          null,
          null,
          null,
          null,
          null,
          null,
          null,
          null,
          null,
          null,
          null,
          null,
          null,
          null
        ]
      },
      "/Users/trevorrobinson/turing/mod3/projects/project_3/ROR-Backend/config/initializers/mime_types.rb": {
        "lines": [
          null,
          null,
          null,
          null,
          null
        ]
      },
      "/Users/trevorrobinson/turing/mod3/projects/project_3/ROR-Backend/config/initializers/wrap_parameters.rb": {
        "lines": [
          null,
          null,
          null,
          null,
          null,
          null,
          null,
          null,
          1,
          2,
          null,
          null,
          null,
          null,
          null,
          null
        ]
      },
      "/Users/trevorrobinson/turing/mod3/projects/project_3/ROR-Backend/spec/factories/meal_plan_recipes.rb": {
        "lines": [
          null,
          null,
          1,
          1,
          null,
          null
        ]
      },
      "/Users/trevorrobinson/turing/mod3/projects/project_3/ROR-Backend/spec/factories/meal_plans.rb": {
        "lines": [
          null,
          null,
          1,
          1,
          1,
          null,
          null
        ]
      },
      "/Users/trevorrobinson/turing/mod3/projects/project_3/ROR-Backend/spec/factories/recipes.rb": {
        "lines": [
          null,
          null,
          1,
          1,
          1,
          null,
          null
        ]
      },
      "/Users/trevorrobinson/turing/mod3/projects/project_3/ROR-Backend/config/routes.rb": {
        "lines": [
          null,
          null,
          1,
          null,
          1,
          1,
          1,
          1,
          null,
          null,
          null
        ]
      },
      "/Users/trevorrobinson/turing/mod3/projects/project_3/ROR-Backend/app/facades/recipes_facade.rb": {
        "lines": [
          1,
          1,
          1,
          1,
          null,
          null,
          null
        ]
      },
      "/Users/trevorrobinson/turing/mod3/projects/project_3/ROR-Backend/spec/models/meal_plan_recipe_spec.rb": {
        "lines": [
          null,
          null,
          1,
          null,
          1,
          1,
          2,
          2,
          null,
          null
        ]
      },
      "/Users/trevorrobinson/turing/mod3/projects/project_3/ROR-Backend/app/models/meal_plan_recipe.rb": {
        "lines": [
          null,
          null,
          1,
          1,
          1,
          null
        ]
      },
      "/Users/trevorrobinson/turing/mod3/projects/project_3/ROR-Backend/app/models/application_record.rb": {
        "lines": [
          null,
          null,
          1,
          1,
          null
        ]
      },
      "/Users/trevorrobinson/turing/mod3/projects/project_3/ROR-Backend/spec/models/meal_plan_spec.rb": {
        "lines": [
          null,
          null,
          1,
          null,
          1,
          1,
          2,
          2,
          null,
          null
        ]
      },
      "/Users/trevorrobinson/turing/mod3/projects/project_3/ROR-Backend/app/models/meal_plan.rb": {
        "lines": [
          null,
          null,
          1,
          1,
          1,
          null
        ]
      },
      "/Users/trevorrobinson/turing/mod3/projects/project_3/ROR-Backend/spec/models/recipe_spec.rb": {
        "lines": [
          null,
          null,
          1,
          null,
          1,
          1,
          2,
          2,
          null,
          null
        ]
      },
      "/Users/trevorrobinson/turing/mod3/projects/project_3/ROR-Backend/app/models/recipe.rb": {
        "lines": [
          null,
          null,
          1,
          1,
          1,
          null
        ]
      },
      "/Users/trevorrobinson/turing/mod3/projects/project_3/ROR-Backend/spec/poros/ingredient_spec.rb": {
        "lines": [
          1,
          1,
          1,
          1,
          null,
          1,
          1,
          1,
          1,
          null,
          null
        ]
      },
      "/Users/trevorrobinson/turing/mod3/projects/project_3/ROR-Backend/app/poros/ingredient.rb": {
        "lines": [
          1,
          1,
          null,
          null,
          1,
          33,
          33,
          null,
          null
        ]
      },
      "/Users/trevorrobinson/turing/mod3/projects/project_3/ROR-Backend/spec/poros/instruction_spec.rb": {
        "lines": [
          1,
          1,
          1,
          1,
          null,
          1,
          1,
          1,
          1,
          null,
          null
        ]
      },
      "/Users/trevorrobinson/turing/mod3/projects/project_3/ROR-Backend/app/poros/instruction.rb": {
        "lines": [
          1,
          1,
          null,
          null,
          1,
          33,
          33,
          null,
          null
        ]
      },
      "/Users/trevorrobinson/turing/mod3/projects/project_3/ROR-Backend/spec/poros/nutrient_spec.rb": {
        "lines": [
          1,
          1,
          1,
          1,
          null,
          1,
          1,
          1,
          1,
          null,
          null
        ]
      },
      "/Users/trevorrobinson/turing/mod3/projects/project_3/ROR-Backend/app/poros/nutrient.rb": {
        "lines": [
          1,
          1,
          null,
          null,
          1,
          117,
          117,
          null,
          null
        ]
      },
      "/Users/trevorrobinson/turing/mod3/projects/project_3/ROR-Backend/spec/poros/recipe_spec.rb": {
        "lines": [
          1,
          null,
          1,
          1,
          1,
          null,
          null,
          null,
          null,
          null,
          null,
          null,
          null,
          null,
          null,
          null,
          null,
          1,
          null,
          1,
          null,
          1,
          1,
          null,
          null,
          1,
          null,
          null,
          1,
          1,
          1,
          8,
          null,
          1,
          8,
          null,
          1,
          29,
          null,
          null,
          null,
          null,
          null
        ]
      },
      "/Users/trevorrobinson/turing/mod3/projects/project_3/ROR-Backend/spec/serializers/recipe_serializer_spec.rb": {
        "lines": [
          1,
          null,
          1,
          1,
          1,
          1,
          1,
          1,
          1,
          1,
          1,
          null,
          1,
          null,
          null,
          null,
          null
        ]
      },
      "/Users/trevorrobinson/turing/mod3/projects/project_3/ROR-Backend/app/serializers/recipe_poro_serializer.rb": {
        "lines": [
          1,
          1,
          1,
          null,
          1,
          null
        ]
      },
      "/Users/trevorrobinson/turing/mod3/projects/project_3/ROR-Backend/spec/services/recipes_service_spec.rb": {
        "lines": [
          null,
          null,
          1,
          null,
          1,
          1,
          1,
          1,
          null,
          1,
          1,
          null,
          1,
          1,
          68,
          68,
          68,
          68,
          68,
          68,
          68,
          68,
          68,
          68,
          null,
          null,
          null,
          null,
          null
        ]
      },
      "/Users/trevorrobinson/turing/mod3/projects/project_3/ROR-Backend/spec/services/recipes_view_spec.rb": {
        "lines": [
          null,
          null,
          1,
          null,
          1,
          1,
          1,
          1,
          null,
          1,
          null,
          1,
          1,
          1,
          1,
          null,
          1,
          1,
          null,
          1,
          1,
          1,
          1,
          1,
          1,
          null,
          1,
          8,
          8,
          8,
          8,
          null,
          null,
          1,
          1,
          null,
          1,
          8,
          8,
          8,
          8,
          null,
          null,
          1,
          1,
          null,
          1,
          29,
          29,
          29,
          29,
          null,
          null,
          null,
          null,
          null
        ]
      },
      "/Users/trevorrobinson/turing/mod3/projects/project_3/ROR-Backend/app/services/recipes_service.rb": {
        "lines": [
          null,
          null,
          1,
          1,
          1,
          1,
          null,
          null,
          1,
          3,
          3,
          null,
          null,
          1,
          null,
          1,
          4,
          null,
          null
        ]
      },
      "/Users/trevorrobinson/turing/mod3/projects/project_3/ROR-Backend/app/poros/recipe_poro.rb": {
        "lines": [
          1,
          1,
          null,
          null,
          null,
          null,
          null,
          null,
          1,
          4,
          4,
          4,
          4,
          4,
          4,
          null,
          null,
          1,
          4,
          32,
          null,
          null,
          null,
          1,
          4,
          32,
          null,
          null,
          1,
          4,
          116,
          null,
          null,
          null
        ]
      }
    },
    "timestamp": 1618877789
  }
}
